Release 13.4 - xst O.87xd (nt)
Copyright (c) 1995-2011 Xilinx, Inc.  All rights reserved.
--> Parameter TMPDIR set to xst/projnav.tmp


Total REAL time to Xst completion: 1.00 secs
Total CPU time to Xst completion: 0.34 secs
 
--> Parameter xsthdpdir set to xst


Total REAL time to Xst completion: 1.00 secs
Total CPU time to Xst completion: 0.34 secs
 
--> Reading design: DivisorFrecuencia.prj

TABLE OF CONTENTS
  1) Synthesis Options Summary
  2) HDL Parsing
  3) HDL Elaboration
  4) HDL Synthesis
       4.1) HDL Synthesis Report
  5) Advanced HDL Synthesis
       5.1) Advanced HDL Synthesis Report
  6) Low Level Synthesis
  7) Partition Report
  8) Design Summary
       8.1) Primitive and Black Box Usage
       8.2) Device utilization summary
       8.3) Partition Resource Summary
       8.4) Timing Report
            8.4.1) Clock Information
            8.4.2) Asynchronous Control Signals Information
            8.4.3) Timing Summary
            8.4.4) Timing Details
            8.4.5) Cross Clock Domains Report


=========================================================================
*                      Synthesis Options Summary                        *
=========================================================================
---- Source Parameters
Input File Name                    : "DivisorFrecuencia.prj"
Ignore Synthesis Constraint File   : NO

---- Target Parameters
Output File Name                   : "DivisorFrecuencia"
Output Format                      : NGC
Target Device                      : xc6slx16-3-csg324

---- Source Options
Top Module Name                    : DivisorFrecuencia
Automatic FSM Extraction           : YES
FSM Encoding Algorithm             : Auto
Safe Implementation                : No
FSM Style                          : LUT
RAM Extraction                     : Yes
RAM Style                          : Auto
ROM Extraction                     : Yes
Shift Register Extraction          : YES
ROM Style                          : Auto
Resource Sharing                   : YES
Asynchronous To Synchronous        : NO
Shift Register Minimum Size        : 2
Use DSP Block                      : Auto
Automatic Register Balancing       : No

---- Target Options
LUT Combining                      : Auto
Reduce Control Sets                : Auto
Add IO Buffers                     : YES
Global Maximum Fanout              : 100000
Add Generic Clock Buffer(BUFG)     : 16
Register Duplication               : YES
Optimize Instantiated Primitives   : NO
Use Clock Enable                   : Auto
Use Synchronous Set                : Auto
Use Synchronous Reset              : Auto
Pack IO Registers into IOBs        : Auto
Equivalent register Removal        : YES

---- General Options
Optimization Goal                  : Speed
Optimization Effort                : 1
Power Reduction                    : NO
Keep Hierarchy                     : No
Netlist Hierarchy                  : As_Optimized
RTL Output                         : Yes
Global Optimization                : AllClockNets
Read Cores                         : YES
Write Timing Constraints           : NO
Cross Clock Analysis               : NO
Hierarchy Separator                : /
Bus Delimiter                      : <>
Case Specifier                     : Maintain
Slice Utilization Ratio            : 100
BRAM Utilization Ratio             : 100
DSP48 Utilization Ratio            : 100
Auto BRAM Packing                  : NO
Slice Utilization Ratio Delta      : 5

=========================================================================

INFO:Xst - Part-select index evaluated to out of bound value may lead to incorrect synthesis results; it is recommended not to use them in RTL

=========================================================================
*                          HDL Parsing                                  *
=========================================================================
Analyzing Verilog file "D:\Documents\Xilinx\RELOJ\DivisorFrecuencia.v" into library work
Parsing module <DivisorFrecuencia>.

=========================================================================
*                            HDL Elaboration                            *
=========================================================================

Elaborating module <DivisorFrecuencia>.
WARNING:HDLCompiler:413 - "D:\Documents\Xilinx\RELOJ\DivisorFrecuencia.v" Line 35: Result of 27-bit expression is truncated to fit in 26-bit target.

=========================================================================
*                           HDL Synthesis                               *
=========================================================================

Synthesizing Unit <DivisorFrecuencia>.
    Related source file is "d:/documents/xilinx/reloj/divisorfrecuencia.v".
    Found 1-bit register for signal <clock1h>.
    Found 32-bit register for signal <count2>.
    Found 1-bit register for signal <clockmin>.
    Found 26-bit register for signal <count1>.
    Found 26-bit adder for signal <count1[25]_GND_1_o_add_2_OUT> created at line 35.
    Found 32-bit adder for signal <count2[31]_GND_1_o_add_7_OUT> created at line 48.
    Found 26-bit comparator greater for signal <count1[25]_PWR_1_o_LessThan_2_o> created at line 33
    Found 32-bit comparator greater for signal <count2[31]_PWR_1_o_LessThan_7_o> created at line 46
    Summary:
	inferred   2 Adder/Subtractor(s).
	inferred  60 D-type flip-flop(s).
	inferred   2 Comparator(s).
Unit <DivisorFrecuencia> synthesized.

=========================================================================
HDL Synthesis Report

Macro Statistics
# Adders/Subtractors                                   : 2
 26-bit adder                                          : 1
 32-bit adder                                          : 1
# Registers                                            : 4
 1-bit register                                        : 2
 26-bit register                                       : 1
 32-bit register                                       : 1
# Comparators                                          : 2
 26-bit comparator greater                             : 1
 32-bit comparator greater                             : 1

=========================================================================

=========================================================================
*                       Advanced HDL Synthesis                          *
=========================================================================


Synthesizing (advanced) Unit <DivisorFrecuencia>.
The following registers are absorbed into counter <count2>: 1 register on signal <count2>.
The following registers are absorbed into counter <count1>: 1 register on signal <count1>.
Unit <DivisorFrecuencia> synthesized (advanced).

=========================================================================
Advanced HDL Synthesis Report

Macro Statistics
# Counters                                             : 2
 26-bit up counter                                     : 1
 32-bit up counter                                     : 1
# Registers                                            : 2
 Flip-Flops                                            : 2
# Comparators                                          : 2
 26-bit comparator greater                             : 1
 32-bit comparator greater                             : 1

=========================================================================

=========================================================================
*                         Low Level Synthesis                           *
=========================================================================

Optimizing unit <DivisorFrecuencia> ...

Mapping all equations...
Building and optimizing final netlist ...
Found area constraint ratio of 100 (+ 5) on block DivisorFrecuencia, actual ratio is 0.

Final Macro Processing ...

=========================================================================
Final Register Report

Macro Statistics
# Registers                                            : 60
 Flip-Flops                                            : 60

=========================================================================

=========================================================================
*                           Partition Report                            *
=========================================================================

Partition Implementation Status
-------------------------------

  No Partitions were found in this design.

-------------------------------

=========================================================================
*                            Design Summary                             *
=========================================================================

Top Level Output File Name         : DivisorFrecuencia.ngc

Primitive and Black Box Usage:
------------------------------
# BELS                             : 225
#      GND                         : 1
#      INV                         : 2
#      LUT1                        : 56
#      LUT2                        : 27
#      LUT3                        : 2
#      LUT4                        : 1
#      LUT5                        : 9
#      LUT6                        : 6
#      MUXCY                       : 61
#      MUXF7                       : 1
#      VCC                         : 1
#      XORCY                       : 58
# FlipFlops/Latches                : 60
#      FD                          : 28
#      FDR                         : 32
# Clock Buffers                    : 1
#      BUFGP                       : 1
# IO Buffers                       : 2
#      OBUF                        : 2

Device utilization summary:
---------------------------

Selected Device : 6slx16csg324-3 


Slice Logic Utilization: 
 Number of Slice Registers:              60  out of  18224     0%  
 Number of Slice LUTs:                  103  out of   9112     1%  
    Number used as Logic:               103  out of   9112     1%  

Slice Logic Distribution: 
 Number of LUT Flip Flop pairs used:    103
   Number with an unused Flip Flop:      43  out of    103    41%  
   Number with an unused LUT:             0  out of    103     0%  
   Number of fully used LUT-FF pairs:    60  out of    103    58%  
   Number of unique control sets:         2

IO Utilization: 
 Number of IOs:                           3
 Number of bonded IOBs:                   3  out of    232     1%  

Specific Feature Utilization:
 Number of BUFG/BUFGCTRLs:                1  out of     16     6%  

---------------------------
Partition Resource Summary:
---------------------------

  No Partitions were found in this design.

---------------------------


=========================================================================
Timing Report

NOTE: THESE TIMING NUMBERS ARE ONLY A SYNTHESIS ESTIMATE.
      FOR ACCURATE TIMING INFORMATION PLEASE REFER TO THE TRACE REPORT
      GENERATED AFTER PLACE-and-ROUTE.

Clock Information:
------------------
-----------------------------------+------------------------+-------+
Clock Signal                       | Clock buffer(FF name)  | Load  |
-----------------------------------+------------------------+-------+
clock                              | BUFGP                  | 60    |
-----------------------------------+------------------------+-------+

Asynchronous Control Signals Information:
----------------------------------------
No asynchronous control signals found in this design

Timing Summary:
---------------
Speed Grade: -3

   Minimum period: 4.525ns (Maximum Frequency: 220.990MHz)
   Minimum input arrival time before clock: No path found
   Maximum output required time after clock: 3.668ns
   Maximum combinational path delay: No path found

Timing Details:
---------------
All values displayed in nanoseconds (ns)

=========================================================================
Timing constraint: Default period analysis for Clock 'clock'
  Clock period: 4.525ns (frequency: 220.990MHz)
  Total number of paths / destination ports: 2729 / 92
-------------------------------------------------------------------------
Delay:               4.525ns (Levels of Logic = 4)
  Source:            count1_8 (FF)
  Destination:       count1_1 (FF)
  Source Clock:      clock rising
  Destination Clock: clock rising

  Data Path: count1_8 to count1_1
                                Gate     Net
    Cell:in->out      fanout   Delay   Delay  Logical Name (Net Name)
    ----------------------------------------  ------------
     FD:C->Q               2   0.447   0.961  count1_8 (count1_8)
     LUT5:I0->O            1   0.203   0.580  count1[25]_PWR_1_o_LessThan_2_o_inv2 (count1[25]_PWR_1_o_LessThan_2_o_inv2)
     LUT6:I5->O            4   0.205   0.684  count1[25]_PWR_1_o_LessThan_2_o_inv3 (count1[25]_PWR_1_o_LessThan_2_o_inv3)
     LUT6:I5->O           13   0.205   0.933  count1[25]_PWR_1_o_LessThan_2_o_inv4 (count1[25]_PWR_1_o_LessThan_2_o_inv)
     LUT2:I1->O            1   0.205   0.000  count1_1_rstpot (count1_1_rstpot)
     FD:D                      0.102          count1_1
    ----------------------------------------
    Total                      4.525ns (1.367ns logic, 3.158ns route)
                                       (30.2% logic, 69.8% route)

=========================================================================
Timing constraint: Default OFFSET OUT AFTER for Clock 'clock'
  Total number of paths / destination ports: 2 / 2
-------------------------------------------------------------------------
Offset:              3.668ns (Levels of Logic = 1)
  Source:            freq (FF)
  Destination:       clock1h (PAD)
  Source Clock:      clock rising

  Data Path: freq to clock1h
                                Gate     Net
    Cell:in->out      fanout   Delay   Delay  Logical Name (Net Name)
    ----------------------------------------  ------------
     FD:C->Q               3   0.447   0.650  freq (freq)
     OBUF:I->O                 2.571          clock1h_OBUF (clock1h)
    ----------------------------------------
    Total                      3.668ns (3.018ns logic, 0.650ns route)
                                       (82.3% logic, 17.7% route)

=========================================================================

Cross Clock Domains Report:
--------------------------

Clock to Setup on destination clock clock
---------------+---------+---------+---------+---------+
               | Src:Rise| Src:Fall| Src:Rise| Src:Fall|
Source Clock   |Dest:Rise|Dest:Rise|Dest:Fall|Dest:Fall|
---------------+---------+---------+---------+---------+
clock          |    4.525|         |         |         |
---------------+---------+---------+---------+---------+

=========================================================================


Total REAL time to Xst completion: 13.00 secs
Total CPU time to Xst completion: 12.26 secs
 
--> 

Total memory usage is 194064 kilobytes

Number of errors   :    0 (   0 filtered)
Number of warnings :    1 (   0 filtered)
Number of infos    :    1 (   0 filtered)

