Running: C:\xilinix\ISE_DS\ISE\bin\nt\unwrapped\fuse.exe -intstyle ise -incremental -lib unisims_ver -lib unimacro_ver -lib xilinxcorelib_ver -lib secureip -o C:/Users/Fernando/Desktop/SimulacionesX/ControladorMemoria/SimMain_isim_beh.exe -prj C:/Users/Fernando/Desktop/SimulacionesX/ControladorMemoria/SimMain_beh.prj work.SimMain work.glbl 
ISim O.87xd (signature 0x2f00eba5)
Number of CPUs detected in this system: 2
Turning on mult-threading, number of parallel sub-compilation jobs: 4 
Determining compilation order of HDL files
Analyzing Verilog file "C:/Users/Fernando/Desktop/SimulacionesX/ControladorMemoria/PulsoAImpulso.v" into library work
Analyzing Verilog file "C:/Users/Fernando/Desktop/SimulacionesX/ControladorMemoria/ipcore_dir/ram4.v" into library work
Analyzing Verilog file "C:/Users/Fernando/Desktop/SimulacionesX/ControladorMemoria/memoria4K.v" into library work
Analyzing Verilog file "C:/Users/Fernando/Desktop/SimulacionesX/ControladorMemoria/Controlador.v" into library work
Analyzing Verilog file "C:/Users/Fernando/Desktop/SimulacionesX/ControladorMemoria/mainMemoria.v" into library work
Analyzing Verilog file "C:/Users/Fernando/Desktop/SimulacionesX/ControladorMemoria/SimMain.v" into library work
Analyzing Verilog file "C:/xilinix/ISE_DS/ISE//verilog/src/glbl.v" into library work
Starting static elaboration
Completed static elaboration
Fuse Memory Usage: 97916 KB
Fuse CPU Usage: 795 ms
Compiling module pulsoAImpulso
Compiling module Controlador
Compiling module BLK_MEM_GEN_V6_3_output_stage(C_...
Compiling module BLK_MEM_GEN_V6_3_output_stage(C_...
Compiling module BLK_MEM_GEN_V6_3_softecc_output_...
Compiling module BLK_MEM_GEN_V6_3_mem_module(C_CO...
Compiling module BLK_MEM_GEN_V6_3(C_FAMILY="spart...
Compiling module ram4
Compiling module memoria4K
Compiling module mainMemoria
Compiling module SimMain
Compiling module glbl
Time Resolution for simulation is 1ps.
Waiting for 3 sub-compilation(s) to finish...
Compiled 12 Verilog Units
Built simulation executable C:/Users/Fernando/Desktop/SimulacionesX/ControladorMemoria/SimMain_isim_beh.exe
Fuse Memory Usage: 104108 KB
Fuse CPU Usage: 982 ms
