Release 13.4 - xst O.87xd (nt)
Copyright (c) 1995-2011 Xilinx, Inc.  All rights reserved.
--> Parameter TMPDIR set to xst/projnav.tmp


Total REAL time to Xst completion: 1.00 secs
Total CPU time to Xst completion: 0.65 secs
 
--> Parameter xsthdpdir set to xst


Total REAL time to Xst completion: 1.00 secs
Total CPU time to Xst completion: 0.65 secs
 
--> Reading design: Control.prj

TABLE OF CONTENTS
  1) Synthesis Options Summary
  2) HDL Parsing
  3) HDL Elaboration
  4) HDL Synthesis
       4.1) HDL Synthesis Report
  5) Advanced HDL Synthesis
       5.1) Advanced HDL Synthesis Report
  6) Low Level Synthesis
  7) Partition Report
  8) Design Summary
       8.1) Primitive and Black Box Usage
       8.2) Device utilization summary
       8.3) Partition Resource Summary
       8.4) Timing Report
            8.4.1) Clock Information
            8.4.2) Asynchronous Control Signals Information
            8.4.3) Timing Summary
            8.4.4) Timing Details
            8.4.5) Cross Clock Domains Report


=========================================================================
*                      Synthesis Options Summary                        *
=========================================================================
---- Source Parameters
Input File Name                    : "Control.prj"
Ignore Synthesis Constraint File   : NO

---- Target Parameters
Output File Name                   : "Control"
Output Format                      : NGC
Target Device                      : xc6slx16-3-csg324

---- Source Options
Top Module Name                    : Control
Automatic FSM Extraction           : YES
FSM Encoding Algorithm             : Auto
Safe Implementation                : No
FSM Style                          : LUT
RAM Extraction                     : Yes
RAM Style                          : Auto
ROM Extraction                     : Yes
Shift Register Extraction          : YES
ROM Style                          : Auto
Resource Sharing                   : YES
Asynchronous To Synchronous        : NO
Shift Register Minimum Size        : 2
Use DSP Block                      : Auto
Automatic Register Balancing       : No

---- Target Options
LUT Combining                      : Auto
Reduce Control Sets                : Auto
Add IO Buffers                     : YES
Global Maximum Fanout              : 100000
Add Generic Clock Buffer(BUFG)     : 16
Register Duplication               : YES
Optimize Instantiated Primitives   : NO
Use Clock Enable                   : Auto
Use Synchronous Set                : Auto
Use Synchronous Reset              : Auto
Pack IO Registers into IOBs        : Auto
Equivalent register Removal        : YES

---- General Options
Optimization Goal                  : Speed
Optimization Effort                : 1
Power Reduction                    : NO
Keep Hierarchy                     : No
Netlist Hierarchy                  : As_Optimized
RTL Output                         : Yes
Global Optimization                : AllClockNets
Read Cores                         : YES
Write Timing Constraints           : NO
Cross Clock Analysis               : NO
Hierarchy Separator                : /
Bus Delimiter                      : <>
Case Specifier                     : Maintain
Slice Utilization Ratio            : 100
BRAM Utilization Ratio             : 100
DSP48 Utilization Ratio            : 100
Auto BRAM Packing                  : NO
Slice Utilization Ratio Delta      : 5

=========================================================================

INFO:Xst - Part-select index evaluated to out of bound value may lead to incorrect synthesis results; it is recommended not to use them in RTL

=========================================================================
*                          HDL Parsing                                  *
=========================================================================
Analyzing Verilog file "C:\Users\Fernando\Desktop\SimulacionesX\JuegoLED\Control.v" into library work
Parsing module <Control>.

=========================================================================
*                            HDL Elaboration                            *
=========================================================================

Elaborating module <Control>.
WARNING:HDLCompiler:91 - "C:\Users\Fernando\Desktop\SimulacionesX\JuegoLED\Control.v" Line 44: Signal <estado> missing in the sensitivity list is added for synthesis purposes. HDL and post-synthesis simulations may differ as a result.

=========================================================================
*                           HDL Synthesis                               *
=========================================================================

Synthesizing Unit <Control>.
    Related source file is "c:/users/fernando/desktop/simulacionesx/juegoled/control.v".
    Found 4-bit register for signal <estado>.
    Found finite state machine <FSM_0> for signal <estado>.
    -----------------------------------------------------------------------
    | States             | 8                                              |
    | Transitions        | 55                                             |
    | Inputs             | 19                                             |
    | Outputs            | 6                                              |
    | Clock              | clock (rising_edge)                            |
    | Power Up State     | 0000                                           |
    | Encoding           | auto                                           |
    | Implementation     | LUT                                            |
    -----------------------------------------------------------------------
    Summary:
	inferred   1 Finite State Machine(s).
Unit <Control> synthesized.

=========================================================================
HDL Synthesis Report

Macro Statistics
# FSMs                                                 : 1

=========================================================================

=========================================================================
*                       Advanced HDL Synthesis                          *
=========================================================================


=========================================================================
Advanced HDL Synthesis Report

Macro Statistics
# FSMs                                                 : 1

=========================================================================

=========================================================================
*                         Low Level Synthesis                           *
=========================================================================
Analyzing FSM <MFsm> for best encoding.
Optimizing FSM <FSM_0> on signal <estado[1:3]> with sequential encoding.
-------------------
 State | Encoding
-------------------
 0000  | 000
 0011  | 001
 0001  | 010
 0010  | 011
 0101  | 100
 0100  | 101
 0111  | 110
 0110  | 111
-------------------

Optimizing unit <Control> ...

Mapping all equations...
Building and optimizing final netlist ...
Found area constraint ratio of 100 (+ 5) on block Control, actual ratio is 0.

Final Macro Processing ...

=========================================================================
Final Register Report

Macro Statistics
# Registers                                            : 3
 Flip-Flops                                            : 3

=========================================================================

=========================================================================
*                           Partition Report                            *
=========================================================================

Partition Implementation Status
-------------------------------

  No Partitions were found in this design.

-------------------------------

=========================================================================
*                            Design Summary                             *
=========================================================================

Top Level Output File Name         : Control.ngc

Primitive and Black Box Usage:
------------------------------
# BELS                             : 14
#      LUT2                        : 5
#      LUT3                        : 2
#      LUT4                        : 2
#      LUT6                        : 5
# FlipFlops/Latches                : 3
#      FD                          : 3
# Clock Buffers                    : 1
#      BUFGP                       : 1
# IO Buffers                       : 12
#      IBUF                        : 7
#      OBUF                        : 5

Device utilization summary:
---------------------------

Selected Device : 6slx16csg324-3 


Slice Logic Utilization: 
 Number of Slice Registers:               3  out of  18224     0%  
 Number of Slice LUTs:                   14  out of   9112     0%  
    Number used as Logic:                14  out of   9112     0%  

Slice Logic Distribution: 
 Number of LUT Flip Flop pairs used:     14
   Number with an unused Flip Flop:      11  out of     14    78%  
   Number with an unused LUT:             0  out of     14     0%  
   Number of fully used LUT-FF pairs:     3  out of     14    21%  
   Number of unique control sets:         1

IO Utilization: 
 Number of IOs:                          13
 Number of bonded IOBs:                  13  out of    232     5%  

Specific Feature Utilization:
 Number of BUFG/BUFGCTRLs:                1  out of     16     6%  

---------------------------
Partition Resource Summary:
---------------------------

  No Partitions were found in this design.

---------------------------


=========================================================================
Timing Report

NOTE: THESE TIMING NUMBERS ARE ONLY A SYNTHESIS ESTIMATE.
      FOR ACCURATE TIMING INFORMATION PLEASE REFER TO THE TRACE REPORT
      GENERATED AFTER PLACE-and-ROUTE.

Clock Information:
------------------
-----------------------------------+------------------------+-------+
Clock Signal                       | Clock buffer(FF name)  | Load  |
-----------------------------------+------------------------+-------+
clock                              | BUFGP                  | 3     |
-----------------------------------+------------------------+-------+

Asynchronous Control Signals Information:
----------------------------------------
No asynchronous control signals found in this design

Timing Summary:
---------------
Speed Grade: -3

   Minimum period: 2.488ns (Maximum Frequency: 401.994MHz)
   Minimum input arrival time before clock: 3.619ns
   Maximum output required time after clock: 4.832ns
   Maximum combinational path delay: No path found

Timing Details:
---------------
All values displayed in nanoseconds (ns)

=========================================================================
Timing constraint: Default period analysis for Clock 'clock'
  Clock period: 2.488ns (frequency: 401.994MHz)
  Total number of paths / destination ports: 11 / 3
-------------------------------------------------------------------------
Delay:               2.488ns (Levels of Logic = 2)
  Source:            estado_FSM_FFd2 (FF)
  Destination:       estado_FSM_FFd3 (FF)
  Source Clock:      clock rising
  Destination Clock: clock rising

  Data Path: estado_FSM_FFd2 to estado_FSM_FFd3
                                Gate     Net
    Cell:in->out      fanout   Delay   Delay  Logical Name (Net Name)
    ----------------------------------------  ------------
     FD:C->Q               6   0.447   0.849  estado_FSM_FFd2 (estado_FSM_FFd2)
     LUT4:I2->O            1   0.203   0.684  estado_FSM_FFd3-In2 (estado_FSM_FFd3-In2)
     LUT6:I4->O            1   0.203   0.000  estado_FSM_FFd3-In4 (estado_FSM_FFd3-In)
     FD:D                      0.102          estado_FSM_FFd3
    ----------------------------------------
    Total                      2.488ns (0.955ns logic, 1.533ns route)
                                       (38.4% logic, 61.6% route)

=========================================================================
Timing constraint: Default OFFSET IN BEFORE for Clock 'clock'
  Total number of paths / destination ports: 26 / 3
-------------------------------------------------------------------------
Offset:              3.619ns (Levels of Logic = 3)
  Source:            BotonA (PAD)
  Destination:       estado_FSM_FFd3 (FF)
  Destination Clock: clock rising

  Data Path: BotonA to estado_FSM_FFd3
                                Gate     Net
    Cell:in->out      fanout   Delay   Delay  Logical Name (Net Name)
    ----------------------------------------  ------------
     IBUF:I->O             5   1.222   0.943  BotonA_IBUF (BotonA_IBUF)
     LUT3:I0->O            1   0.205   0.944  estado_FSM_FFd3-In3 (estado_FSM_FFd3-In3)
     LUT6:I0->O            1   0.203   0.000  estado_FSM_FFd3-In4 (estado_FSM_FFd3-In)
     FD:D                      0.102          estado_FSM_FFd3
    ----------------------------------------
    Total                      3.619ns (1.732ns logic, 1.887ns route)
                                       (47.9% logic, 52.1% route)

=========================================================================
Timing constraint: Default OFFSET OUT AFTER for Clock 'clock'
  Total number of paths / destination ports: 11 / 5
-------------------------------------------------------------------------
Offset:              4.832ns (Levels of Logic = 2)
  Source:            estado_FSM_FFd3 (FF)
  Destination:       LED<0> (PAD)
  Source Clock:      clock rising

  Data Path: estado_FSM_FFd3 to LED<0>
                                Gate     Net
    Cell:in->out      fanout   Delay   Delay  Logical Name (Net Name)
    ----------------------------------------  ------------
     FD:C->Q               8   0.447   1.031  estado_FSM_FFd3 (estado_FSM_FFd3)
     LUT3:I0->O            1   0.205   0.579  estado_LED<0>1 (LED_0_OBUF)
     OBUF:I->O                 2.571          LED_0_OBUF (LED<0>)
    ----------------------------------------
    Total                      4.832ns (3.223ns logic, 1.609ns route)
                                       (66.7% logic, 33.3% route)

=========================================================================

Cross Clock Domains Report:
--------------------------

Clock to Setup on destination clock clock
---------------+---------+---------+---------+---------+
               | Src:Rise| Src:Fall| Src:Rise| Src:Fall|
Source Clock   |Dest:Rise|Dest:Rise|Dest:Fall|Dest:Fall|
---------------+---------+---------+---------+---------+
clock          |    2.488|         |         |         |
---------------+---------+---------+---------+---------+

=========================================================================


Total REAL time to Xst completion: 9.00 secs
Total CPU time to Xst completion: 9.34 secs
 
--> 

Total memory usage is 175148 kilobytes

Number of errors   :    0 (   0 filtered)
Number of warnings :    1 (   0 filtered)
Number of infos    :    1 (   0 filtered)

