C:\Users\Fernando\Desktop\SimulacionesX\velocimetro\mainVelocimetro.ngc 1339519212
ipcore_dir/enterominaFloat.ngc 1338666100
ipcore_dir/division.ngc 1338666832
ipcore_dir/sumaDeLongitudes.ngc 1338672137
ipcore_dir/floatAFijo.ngc 1338671826
ipcore_dir/restar.ngc 1338667383
ipcore_dir/enteroAFloat.ngc 1338685670
ipcore_dir/multiplicacionFloat.ngc 1338668307
ipcore_dir/romCero50x72.ngc 1339261591
ipcore_dir/romUno50x72.ngc 1339261778
ipcore_dir/romDos50x72.ngc 1339261919
ipcore_dir/romTres50x72.ngc 1339262068
ipcore_dir/romCuatro50x72.ngc 1339262238
ipcore_dir/romCinco50x72.ngc 1339262378
ipcore_dir/romSeis50x72.ngc 1339262540
ipcore_dir/romSiete50x72.ngc 1339262675
ipcore_dir/romOcho50x72.ngc 1339262827
ipcore_dir/romNueve50x72.ngc 1339262974
ipcore_dir/romPunto25x72.ngc 1339263337
ipcore_dir/romDesplazamientoT.ngc 1339294823
ipcore_dir/romVelocidadT.ngc 1339295109
ipcore_dir/romAceleracionT.ngc 1339285601
ipcore_dir/ram1x30000.ngc 1339294510
OK
