Release 13.4 - xst O.87xd (nt)
Copyright (c) 1995-2011 Xilinx, Inc.  All rights reserved.
--> Parameter TMPDIR set to xst/projnav.tmp


Total REAL time to Xst completion: 1.00 secs
Total CPU time to Xst completion: 1.25 secs
 
--> Parameter xsthdpdir set to xst


Total REAL time to Xst completion: 1.00 secs
Total CPU time to Xst completion: 1.26 secs
 
--> Reading design: main.prj

TABLE OF CONTENTS
  1) Synthesis Options Summary
  2) HDL Parsing
  3) HDL Elaboration
  4) HDL Synthesis
       4.1) HDL Synthesis Report
  5) Advanced HDL Synthesis
       5.1) Advanced HDL Synthesis Report
  6) Low Level Synthesis
  7) Partition Report
  8) Design Summary
       8.1) Primitive and Black Box Usage
       8.2) Device utilization summary
       8.3) Partition Resource Summary
       8.4) Timing Report
            8.4.1) Clock Information
            8.4.2) Asynchronous Control Signals Information
            8.4.3) Timing Summary
            8.4.4) Timing Details
            8.4.5) Cross Clock Domains Report


=========================================================================
*                      Synthesis Options Summary                        *
=========================================================================
---- Source Parameters
Input File Name                    : "main.prj"
Ignore Synthesis Constraint File   : NO

---- Target Parameters
Output File Name                   : "main"
Output Format                      : NGC
Target Device                      : xc6slx16-3-csg324

---- Source Options
Top Module Name                    : main
Automatic FSM Extraction           : YES
FSM Encoding Algorithm             : Auto
Safe Implementation                : No
FSM Style                          : LUT
RAM Extraction                     : Yes
RAM Style                          : Auto
ROM Extraction                     : Yes
Shift Register Extraction          : YES
ROM Style                          : Auto
Resource Sharing                   : YES
Asynchronous To Synchronous        : NO
Shift Register Minimum Size        : 2
Use DSP Block                      : Auto
Automatic Register Balancing       : No

---- Target Options
LUT Combining                      : Auto
Reduce Control Sets                : Auto
Add IO Buffers                     : YES
Global Maximum Fanout              : 100000
Add Generic Clock Buffer(BUFG)     : 16
Register Duplication               : YES
Optimize Instantiated Primitives   : NO
Use Clock Enable                   : Auto
Use Synchronous Set                : Auto
Use Synchronous Reset              : Auto
Pack IO Registers into IOBs        : Auto
Equivalent register Removal        : YES

---- General Options
Optimization Goal                  : Speed
Optimization Effort                : 1
Power Reduction                    : NO
Keep Hierarchy                     : No
Netlist Hierarchy                  : As_Optimized
RTL Output                         : Yes
Global Optimization                : AllClockNets
Read Cores                         : YES
Write Timing Constraints           : NO
Cross Clock Analysis               : NO
Hierarchy Separator                : /
Bus Delimiter                      : <>
Case Specifier                     : Maintain
Slice Utilization Ratio            : 100
BRAM Utilization Ratio             : 100
DSP48 Utilization Ratio            : 100
Auto BRAM Packing                  : NO
Slice Utilization Ratio Delta      : 5

=========================================================================

INFO:Xst - Part-select index evaluated to out of bound value may lead to incorrect synthesis results; it is recommended not to use them in RTL

=========================================================================
*                          HDL Parsing                                  *
=========================================================================
Analyzing Verilog file "C:\Users\Fernando\Desktop\SimulacionesX\DecodificadorHexadecimal\Sumador.v" into library work
Parsing module <Sumador>.
Analyzing Verilog file "C:\Users\Fernando\Desktop\SimulacionesX\DecodificadorHexadecimal\Selectordisplay.v" into library work
Parsing module <Selectordisplay>.
Analyzing Verilog file "C:\Users\Fernando\Desktop\SimulacionesX\DecodificadorHexadecimal\Selectordigito.v" into library work
Parsing module <Selectordigito>.
Analyzing Verilog file "C:\Users\Fernando\Desktop\SimulacionesX\DecodificadorHexadecimal\Codificadorsietesegmentos.v" into library work
Parsing module <Codificadorsietesegmentos>.
Analyzing Verilog file "C:\Users\Fernando\Desktop\SimulacionesX\DecodificadorHexadecimal\main.v" into library work
Parsing module <main>.

=========================================================================
*                            HDL Elaboration                            *
=========================================================================

Elaborating module <main>.

Elaborating module <Codificadorsietesegmentos>.

Elaborating module <Sumador>.

Elaborating module <Selectordisplay>.
WARNING:HDLCompiler:413 - "C:\Users\Fernando\Desktop\SimulacionesX\DecodificadorHexadecimal\Selectordisplay.v" Line 34: Result of 27-bit expression is truncated to fit in 26-bit target.
WARNING:HDLCompiler:413 - "C:\Users\Fernando\Desktop\SimulacionesX\DecodificadorHexadecimal\Selectordisplay.v" Line 38: Result of 3-bit expression is truncated to fit in 2-bit target.

Elaborating module <Selectordigito>.
WARNING:HDLCompiler:413 - "C:\Users\Fernando\Desktop\SimulacionesX\DecodificadorHexadecimal\Selectordigito.v" Line 37: Result of 27-bit expression is truncated to fit in 26-bit target.
WARNING:HDLCompiler:413 - "C:\Users\Fernando\Desktop\SimulacionesX\DecodificadorHexadecimal\Selectordigito.v" Line 41: Result of 3-bit expression is truncated to fit in 2-bit target.

=========================================================================
*                           HDL Synthesis                               *
=========================================================================

Synthesizing Unit <main>.
    Related source file is "c:/users/fernando/desktop/simulacionesx/decodificadorhexadecimal/main.v".
    Summary:
	no macro.
Unit <main> synthesized.

Synthesizing Unit <Codificadorsietesegmentos>.
    Related source file is "c:/users/fernando/desktop/simulacionesx/decodificadorhexadecimal/codificadorsietesegmentos.v".
    Found 16x7-bit Read Only RAM for signal <Codificar>
    Summary:
	inferred   1 RAM(s).
Unit <Codificadorsietesegmentos> synthesized.

Synthesizing Unit <Sumador>.
    Related source file is "c:/users/fernando/desktop/simulacionesx/decodificadorhexadecimal/sumador.v".
    Found 5-bit adder for signal <n0008[4:0]> created at line 30.
    Summary:
	inferred   1 Adder/Subtractor(s).
Unit <Sumador> synthesized.

Synthesizing Unit <Selectordisplay>.
    Related source file is "c:/users/fernando/desktop/simulacionesx/decodificadorhexadecimal/selectordisplay.v".
    Found 2-bit register for signal <digito>.
    Found 26-bit register for signal <counter>.
    Found 26-bit adder for signal <counter[25]_GND_4_o_add_2_OUT> created at line 34.
    Found 2-bit adder for signal <digito[1]_GND_4_o_add_3_OUT> created at line 38.
    Found 7-bit 4-to-1 multiplexer for signal <displaytotal> created at line 46.
    Found 26-bit comparator greater for signal <counter[25]_GND_4_o_LessThan_2_o> created at line 33
    Summary:
	inferred   2 Adder/Subtractor(s).
	inferred  28 D-type flip-flop(s).
	inferred   1 Comparator(s).
	inferred   1 Multiplexer(s).
Unit <Selectordisplay> synthesized.

Synthesizing Unit <Selectordigito>.
    Related source file is "c:/users/fernando/desktop/simulacionesx/decodificadorhexadecimal/selectordigito.v".
    Found 2-bit register for signal <digito>.
    Found 26-bit register for signal <counter>.
    Found 26-bit adder for signal <counter[25]_GND_5_o_add_2_OUT> created at line 37.
    Found 2-bit adder for signal <digito[1]_GND_5_o_add_3_OUT> created at line 41.
    Found 4x4-bit Read Only RAM for signal <Switch>
    Found 26-bit comparator greater for signal <counter[25]_GND_5_o_LessThan_2_o> created at line 36
    Summary:
	inferred   1 RAM(s).
	inferred   2 Adder/Subtractor(s).
	inferred  28 D-type flip-flop(s).
	inferred   1 Comparator(s).
Unit <Selectordigito> synthesized.

=========================================================================
HDL Synthesis Report

Macro Statistics
# RAMs                                                 : 5
 16x7-bit single-port Read Only RAM                    : 4
 4x4-bit single-port Read Only RAM                     : 1
# Adders/Subtractors                                   : 5
 2-bit adder                                           : 2
 26-bit adder                                          : 2
 5-bit adder                                           : 1
# Registers                                            : 4
 2-bit register                                        : 2
 26-bit register                                       : 2
# Comparators                                          : 2
 26-bit comparator greater                             : 2
# Multiplexers                                         : 1
 7-bit 4-to-1 multiplexer                              : 1

=========================================================================

=========================================================================
*                       Advanced HDL Synthesis                          *
=========================================================================


Synthesizing (advanced) Unit <Codificadorsietesegmentos>.
INFO:Xst:3218 - HDL ADVISOR - The RAM <Mram_Codificar> will be implemented on LUTs either because you have described an asynchronous read or because of currently unsupported block RAM features. If you have described an asynchronous read, making it synchronous would allow you to take advantage of available block RAM resources, for optimized device usage and improved timings. Please refer to your documentation for coding guidelines.
    -----------------------------------------------------------------------
    | ram_type           | Distributed                         |          |
    -----------------------------------------------------------------------
    | Port A                                                              |
    |     aspect ratio   | 16-word x 7-bit                     |          |
    |     weA            | connected to signal <GND>           | high     |
    |     addrA          | connected to signal <numero>        |          |
    |     diA            | connected to signal <GND>           |          |
    |     doA            | connected to signal <Codificar>     |          |
    -----------------------------------------------------------------------
Unit <Codificadorsietesegmentos> synthesized (advanced).

Synthesizing (advanced) Unit <Selectordigito>.
The following registers are absorbed into counter <counter>: 1 register on signal <counter>.
The following registers are absorbed into counter <digito>: 1 register on signal <digito>.
INFO:Xst:3218 - HDL ADVISOR - The RAM <Mram_Switch> will be implemented on LUTs either because you have described an asynchronous read or because of currently unsupported block RAM features. If you have described an asynchronous read, making it synchronous would allow you to take advantage of available block RAM resources, for optimized device usage and improved timings. Please refer to your documentation for coding guidelines.
    -----------------------------------------------------------------------
    | ram_type           | Distributed                         |          |
    -----------------------------------------------------------------------
    | Port A                                                              |
    |     aspect ratio   | 4-word x 4-bit                      |          |
    |     weA            | connected to signal <GND>           | high     |
    |     addrA          | connected to signal <digito>        |          |
    |     diA            | connected to signal <GND>           |          |
    |     doA            | connected to signal <Switch>        |          |
    -----------------------------------------------------------------------
Unit <Selectordigito> synthesized (advanced).

Synthesizing (advanced) Unit <Selectordisplay>.
The following registers are absorbed into counter <counter>: 1 register on signal <counter>.
The following registers are absorbed into counter <digito>: 1 register on signal <digito>.
Unit <Selectordisplay> synthesized (advanced).

=========================================================================
Advanced HDL Synthesis Report

Macro Statistics
# RAMs                                                 : 5
 16x7-bit single-port distributed Read Only RAM        : 4
 4x4-bit single-port distributed Read Only RAM         : 1
# Adders/Subtractors                                   : 1
 5-bit adder                                           : 1
# Counters                                             : 4
 2-bit up counter                                      : 2
 26-bit up counter                                     : 2
# Comparators                                          : 2
 26-bit comparator greater                             : 2
# Multiplexers                                         : 1
 7-bit 4-to-1 multiplexer                              : 1

=========================================================================

=========================================================================
*                         Low Level Synthesis                           *
=========================================================================

Optimizing unit <main> ...

Mapping all equations...
Building and optimizing final netlist ...
Found area constraint ratio of 100 (+ 5) on block main, actual ratio is 1.

Final Macro Processing ...

=========================================================================
Final Register Report

Macro Statistics
# Registers                                            : 56
 Flip-Flops                                            : 56

=========================================================================

=========================================================================
*                           Partition Report                            *
=========================================================================

Partition Implementation Status
-------------------------------

  No Partitions were found in this design.

-------------------------------

=========================================================================
*                            Design Summary                             *
=========================================================================

Top Level Output File Name         : main.ngc

Primitive and Black Box Usage:
------------------------------
# BELS                             : 281
#      GND                         : 1
#      INV                         : 6
#      LUT1                        : 50
#      LUT2                        : 60
#      LUT3                        : 4
#      LUT4                        : 16
#      LUT5                        : 14
#      LUT6                        : 15
#      MUXCY                       : 60
#      MUXF7                       : 2
#      VCC                         : 1
#      XORCY                       : 52
# FlipFlops/Latches                : 56
#      FD                          : 52
#      FDE                         : 4
# Clock Buffers                    : 1
#      BUFGP                       : 1
# IO Buffers                       : 19
#      IBUF                        : 8
#      OBUF                        : 11

Device utilization summary:
---------------------------

Selected Device : 6slx16csg324-3 


Slice Logic Utilization: 
 Number of Slice Registers:              56  out of  18224     0%  
 Number of Slice LUTs:                  165  out of   9112     1%  
    Number used as Logic:               165  out of   9112     1%  

Slice Logic Distribution: 
 Number of LUT Flip Flop pairs used:    165
   Number with an unused Flip Flop:     109  out of    165    66%  
   Number with an unused LUT:             0  out of    165     0%  
   Number of fully used LUT-FF pairs:    56  out of    165    33%  
   Number of unique control sets:         3

IO Utilization: 
 Number of IOs:                          20
 Number of bonded IOBs:                  20  out of    232     8%  

Specific Feature Utilization:
 Number of BUFG/BUFGCTRLs:                1  out of     16     6%  

---------------------------
Partition Resource Summary:
---------------------------

  No Partitions were found in this design.

---------------------------


=========================================================================
Timing Report

NOTE: THESE TIMING NUMBERS ARE ONLY A SYNTHESIS ESTIMATE.
      FOR ACCURATE TIMING INFORMATION PLEASE REFER TO THE TRACE REPORT
      GENERATED AFTER PLACE-and-ROUTE.

Clock Information:
------------------
-----------------------------------+------------------------+-------+
Clock Signal                       | Clock buffer(FF name)  | Load  |
-----------------------------------+------------------------+-------+
Clock                              | BUFGP                  | 56    |
-----------------------------------+------------------------+-------+

Asynchronous Control Signals Information:
----------------------------------------
No asynchronous control signals found in this design

Timing Summary:
---------------
Speed Grade: -3

   Minimum period: 3.689ns (Maximum Frequency: 271.107MHz)
   Minimum input arrival time before clock: No path found
   Maximum output required time after clock: 6.282ns
   Maximum combinational path delay: 8.923ns

Timing Details:
---------------
All values displayed in nanoseconds (ns)

=========================================================================
Timing constraint: Default period analysis for Clock 'Clock'
  Clock period: 3.689ns (frequency: 271.107MHz)
  Total number of paths / destination ports: 2836 / 60
-------------------------------------------------------------------------
Delay:               3.689ns (Levels of Logic = 6)
  Source:            switchactual/counter_9 (FF)
  Destination:       switchactual/digito_0 (FF)
  Source Clock:      Clock rising
  Destination Clock: Clock rising

  Data Path: switchactual/counter_9 to switchactual/digito_0
                                Gate     Net
    Cell:in->out      fanout   Delay   Delay  Logical Name (Net Name)
    ----------------------------------------  ------------
     FD:C->Q               3   0.447   0.995  switchactual/counter_9 (switchactual/counter_9)
     LUT5:I0->O            1   0.203   0.000  switchactual/Mcompar_counter[25]_GND_5_o_LessThan_2_o_lut<0> (switchactual/Mcompar_counter[25]_GND_5_o_LessThan_2_o_lut<0>)
     MUXCY:S->O            1   0.172   0.000  switchactual/Mcompar_counter[25]_GND_5_o_LessThan_2_o_cy<0> (switchactual/Mcompar_counter[25]_GND_5_o_LessThan_2_o_cy<0>)
     MUXCY:CI->O           1   0.019   0.000  switchactual/Mcompar_counter[25]_GND_5_o_LessThan_2_o_cy<1> (switchactual/Mcompar_counter[25]_GND_5_o_LessThan_2_o_cy<1>)
     MUXCY:CI->O           1   0.019   0.000  switchactual/Mcompar_counter[25]_GND_5_o_LessThan_2_o_cy<2> (switchactual/Mcompar_counter[25]_GND_5_o_LessThan_2_o_cy<2>)
     MUXCY:CI->O           1   0.019   0.000  switchactual/Mcompar_counter[25]_GND_5_o_LessThan_2_o_cy<3> (switchactual/Mcompar_counter[25]_GND_5_o_LessThan_2_o_cy<3>)
     MUXCY:CI->O          28   0.258   1.234  switchactual/Mcompar_counter[25]_GND_5_o_LessThan_2_o_cy<4> (switchactual/Mcompar_counter[25]_GND_5_o_LessThan_2_o_cy<4>)
     FDE:CE                    0.322          switchactual/digito_0
    ----------------------------------------
    Total                      3.689ns (1.459ns logic, 2.230ns route)
                                       (39.6% logic, 60.4% route)

=========================================================================
Timing constraint: Default OFFSET OUT AFTER for Clock 'Clock'
  Total number of paths / destination ports: 46 / 11
-------------------------------------------------------------------------
Offset:              6.282ns (Levels of Logic = 3)
  Source:            displayseleccion/digito_0 (FF)
  Destination:       a (PAD)
  Source Clock:      Clock rising

  Data Path: displayseleccion/digito_0 to a
                                Gate     Net
    Cell:in->out      fanout   Delay   Delay  Logical Name (Net Name)
    ----------------------------------------  ------------
     FDE:C->Q             16   0.447   1.349  displayseleccion/digito_0 (displayseleccion/digito_0)
     LUT5:I0->O            4   0.203   0.931  displayseleccion/Mmux_displaytotal111 (displayseleccion/Mmux_displaytotal11)
     LUT4:I0->O            1   0.203   0.579  displayseleccion/Mmux_displaytotal54 (e_OBUF)
     OBUF:I->O                 2.571          e_OBUF (e)
    ----------------------------------------
    Total                      6.282ns (3.424ns logic, 2.858ns route)
                                       (54.5% logic, 45.5% route)

=========================================================================
Timing constraint: Default path analysis
  Total number of paths / destination ports: 285 / 7
-------------------------------------------------------------------------
Delay:               8.923ns (Levels of Logic = 7)
  Source:            B2 (PAD)
  Destination:       c (PAD)

  Data Path: B2 to c
                                Gate     Net
    Cell:in->out      fanout   Delay   Delay  Logical Name (Net Name)
    ----------------------------------------  ------------
     IBUF:I->O            10   1.222   1.201  B2_IBUF (B2_IBUF)
     LUT6:I1->O            2   0.203   0.617  suma/Madd_n0008[4:0]_cy<2>11 (suma/Madd_n0008[4:0]_cy<2>)
     LUT3:I2->O            8   0.205   1.031  suma/Madd_n0008[4:0]_xor<3>11 (resultado<3>)
     LUT6:I3->O            3   0.205   0.755  displayseleccion/Mmux_displaytotal211 (displayseleccion/Mmux_displaytotal211)
     LUT5:I3->O            1   0.203   0.000  displayseleccion/Mmux_displaytotal35_F (N11)
     MUXF7:I0->O           1   0.131   0.579  displayseleccion/Mmux_displaytotal35 (c_OBUF)
     OBUF:I->O                 2.571          c_OBUF (c)
    ----------------------------------------
    Total                      8.923ns (4.740ns logic, 4.183ns route)
                                       (53.1% logic, 46.9% route)

=========================================================================

Cross Clock Domains Report:
--------------------------

Clock to Setup on destination clock Clock
---------------+---------+---------+---------+---------+
               | Src:Rise| Src:Fall| Src:Rise| Src:Fall|
Source Clock   |Dest:Rise|Dest:Rise|Dest:Fall|Dest:Fall|
---------------+---------+---------+---------+---------+
Clock          |    3.689|         |         |         |
---------------+---------+---------+---------+---------+

=========================================================================


Total REAL time to Xst completion: 20.00 secs
Total CPU time to Xst completion: 20.08 secs
 
--> 

Total memory usage is 176940 kilobytes

Number of errors   :    0 (   0 filtered)
Number of warnings :    4 (   0 filtered)
Number of infos    :    3 (   0 filtered)

