--------------------------------------------------------------------------------
Release 13.4 Trace  (nt)
Copyright (c) 1995-2011 Xilinx, Inc.  All rights reserved.

C:\xilinix\ISE_DS\ISE\bin\nt\unwrapped\trce.exe -intstyle ise -v 3 -s 3 -n 3
-fastpaths -xml main.twx main.ncd -o main.twr main.pcf -ucf pines.ucf

Design file:              main.ncd
Physical constraint file: main.pcf
Device,package,speed:     xc6slx16,csg324,C,-3 (PRODUCTION 1.21 2012-01-07)
Report level:             verbose report

Environment Variable      Effect 
--------------------      ------ 
NONE                      No environment variables were set
--------------------------------------------------------------------------------

INFO:Timing:2698 - No timing constraints found, doing default enumeration.
INFO:Timing:3412 - To improve timing, see the Timing Closure User Guide (UG612).
INFO:Timing:2752 - To get complete path coverage, use the unconstrained paths 
   option. All paths that are not constrained will be reported in the 
   unconstrained paths section(s) of the report.
INFO:Timing:3339 - The clock-to-out numbers in this timing report are based on 
   a 50 Ohm transmission line loading model.  For the details of this model, 
   and for more information on accounting for different loading conditions, 
   please see the device datasheet.



Data Sheet report:
-----------------
All values displayed in nanoseconds (ns)

Clock Clock to Pad
------------+-----------------+------------+-----------------+------------+------------------+--------+
            |Max (slowest) clk|  Process   |Min (fastest) clk|  Process   |                  | Clock  |
Destination |  (edge) to PAD  |   Corner   |  (edge) to PAD  |   Corner   |Internal Clock(s) | Phase  |
------------+-----------------+------------+-----------------+------------+------------------+--------+
a           |         9.784(R)|      SLOW  |         4.608(R)|      FAST  |Clock_BUFGP       |   0.000|
b           |         9.054(R)|      SLOW  |         4.374(R)|      FAST  |Clock_BUFGP       |   0.000|
c           |         9.189(R)|      SLOW  |         4.109(R)|      FAST  |Clock_BUFGP       |   0.000|
d           |         9.657(R)|      SLOW  |         4.435(R)|      FAST  |Clock_BUFGP       |   0.000|
e           |         9.245(R)|      SLOW  |         4.307(R)|      FAST  |Clock_BUFGP       |   0.000|
f           |         9.565(R)|      SLOW  |         4.206(R)|      FAST  |Clock_BUFGP       |   0.000|
g           |         9.031(R)|      SLOW  |         4.251(R)|      FAST  |Clock_BUFGP       |   0.000|
s0          |         7.234(R)|      SLOW  |         3.630(R)|      FAST  |Clock_BUFGP       |   0.000|
s1          |         7.434(R)|      SLOW  |         3.775(R)|      FAST  |Clock_BUFGP       |   0.000|
s2          |         7.197(R)|      SLOW  |         3.652(R)|      FAST  |Clock_BUFGP       |   0.000|
s3          |         7.407(R)|      SLOW  |         3.772(R)|      FAST  |Clock_BUFGP       |   0.000|
------------+-----------------+------------+-----------------+------------+------------------+--------+

Clock to Setup on destination clock Clock
---------------+---------+---------+---------+---------+
               | Src:Rise| Src:Fall| Src:Rise| Src:Fall|
Source Clock   |Dest:Rise|Dest:Rise|Dest:Fall|Dest:Fall|
---------------+---------+---------+---------+---------+
Clock          |    4.484|         |         |         |
---------------+---------+---------+---------+---------+

Pad to Pad
---------------+---------------+---------+
Source Pad     |Destination Pad|  Delay  |
---------------+---------------+---------+
A0             |a              |   10.823|
A0             |b              |   10.755|
A0             |c              |   10.890|
A0             |d              |   10.708|
A0             |e              |   10.228|
A0             |f              |   10.918|
A0             |g              |    9.845|
A1             |a              |   10.164|
A1             |b              |   10.096|
A1             |c              |   10.231|
A1             |d              |   10.049|
A1             |e              |    9.569|
A1             |f              |   10.259|
A1             |g              |    9.186|
A2             |a              |   10.114|
A2             |b              |   10.046|
A2             |c              |   10.181|
A2             |d              |    9.999|
A2             |e              |    9.519|
A2             |f              |   10.209|
A2             |g              |    9.136|
A3             |a              |   10.110|
A3             |b              |   10.042|
A3             |c              |   10.177|
A3             |d              |    9.995|
A3             |e              |    9.515|
A3             |f              |   10.205|
A3             |g              |    9.132|
B0             |a              |    9.543|
B0             |b              |    9.750|
B0             |c              |    9.885|
B0             |d              |    9.428|
B0             |e              |    8.948|
B0             |f              |    9.638|
B0             |g              |    8.565|
B1             |a              |   10.073|
B1             |b              |   10.005|
B1             |c              |   10.140|
B1             |d              |    9.958|
B1             |e              |    9.478|
B1             |f              |   10.168|
B1             |g              |    9.095|
B2             |a              |   10.335|
B2             |b              |   10.267|
B2             |c              |   10.402|
B2             |d              |   10.220|
B2             |e              |    9.740|
B2             |f              |   10.430|
B2             |g              |    9.357|
B3             |a              |    9.306|
B3             |b              |    9.238|
B3             |c              |    9.373|
B3             |d              |    9.191|
B3             |e              |    8.711|
B3             |f              |    9.401|
B3             |g              |    8.328|
---------------+---------------+---------+


Analysis completed Wed May 02 21:59:23 2012 
--------------------------------------------------------------------------------

Trace Settings:
-------------------------
Trace Settings 

Peak Memory Usage: 163 MB



