Command line:
   Prueba_isim_beh.exe
     -simmode  gui
     -simrunnum  0
     -socket  50780

Sun Apr 08 20:00:13 2012


 Elaboration Time: 0.109202 sec

 Current Memory Usage: 346.096 Meg

 Total Signals          : 20
 Total Nets             : 23
 Total Signal Drivers   : 12
 Total Blocks           : 4
 Total Primitive Blocks : 3
 Total Processes        : 14
 Total Traceable Variables  : 31
 Total Scalar Nets and Variables : 471
Total Line Count : 29

 Total Simulation Time: 0.156002 sec

 Current Memory Usage: 346.096 Meg

Sun Apr 08 20:05:42 2012

