Running: fuse.exe -relaunch -intstyle "ise" -incremental -lib "unisims_ver" -lib "unimacro_ver" -lib "xilinxcorelib_ver" -lib "secureip" -o "C:/Users/Fernando/Desktop/SimulacionesX/ASCII/H_isim_beh.exe" -prj "C:/Users/Fernando/Desktop/SimulacionesX/ASCII/H_beh.prj" "work.H" "work.glbl" 
ISim O.87xd (signature 0x2f00eba5)
Number of CPUs detected in this system: 2
Turning on mult-threading, number of parallel sub-compilation jobs: 4 
Determining compilation order of HDL files
Analyzing Verilog file "C:/Users/Fernando/Desktop/SimulacionesX/ASCII/truthtable.v" into library work
Analyzing Verilog file "C:/Users/Fernando/Desktop/SimulacionesX/ASCII/H.v" into library work
Analyzing Verilog file "C:/xilinix/ISE_DS/ISE//verilog/src/glbl.v" into library work
Starting static elaboration
Completed static elaboration
Fuse Memory Usage: 97072 KB
Fuse CPU Usage: 529 ms
Compiling module segmentoa
Compiling module segmentob
Compiling module truthtable
Compiling module H
Compiling module glbl
Time Resolution for simulation is 1ps.
Waiting for 2 sub-compilation(s) to finish...
Compiled 5 Verilog Units
Built simulation executable C:/Users/Fernando/Desktop/SimulacionesX/ASCII/H_isim_beh.exe
Fuse Memory Usage: 101536 KB
Fuse CPU Usage: 592 ms
